This is pdfTeX, Version 3.141592653-2.6-1.40.23 (MiKTeX 21.8) (preloaded format=pdflatex 2021.11.10)  18 NOV 2021 16:06
entering extended mode
**./Week5Practices3.tex
(Week5Practices3.tex
LaTeX2e <2021-06-01> patch level 1
L3 programming layer <2021-08-27>
(C:\Users\Ugochi Mbaekwe\AppData\Local\Programs\MiKTeX\tex/latex/base\article.c
ls
Document Class: article 2021/02/12 v1.4n Standard LaTeX document class

(C:\Users\Ugochi Mbaekwe\AppData\Local\Programs\MiKTeX\tex/latex/base\size10.cl
o
File: size10.clo 2021/02/12 v1.4n Standard LaTeX file (size option)
)
\c@part=\count182
\c@section=\count183
\c@subsection=\count184
\c@subsubsection=\count185
\c@paragraph=\count186
\c@subparagraph=\count187
\c@figure=\count188
\c@table=\count189
\abovecaptionskip=\skip47
\belowcaptionskip=\skip48
\bibindent=\dimen138
)
(C:\Users\Ugochi Mbaekwe\AppData\Local\Programs\MiKTeX\tex/latex/graphics\graph
icx.sty
Package: graphicx 2020/12/05 v1.2c Enhanced LaTeX Graphics (DPC,SPQR)

(C:\Users\Ugochi Mbaekwe\AppData\Local\Programs\MiKTeX\tex/latex/graphics\keyva
l.sty
Package: keyval 2014/10/28 v1.15 key=value parser (DPC)
\KV@toks@=\toks16
)
(C:\Users\Ugochi Mbaekwe\AppData\Local\Programs\MiKTeX\tex/latex/graphics\graph
ics.sty
Package: graphics 2021/03/04 v1.4d Standard LaTeX Graphics (DPC,SPQR)

(C:\Users\Ugochi Mbaekwe\AppData\Local\Programs\MiKTeX\tex/latex/graphics\trig.
sty
Package: trig 2016/01/03 v1.10 sin cos tan (DPC)
)
(C:\Users\Ugochi Mbaekwe\AppData\Local\Programs\MiKTeX\tex/latex/graphics-cfg\g
raphics.cfg
File: graphics.cfg 2016/06/04 v1.11 sample graphics configuration
)
Package graphics Info: Driver file: pdftex.def on input line 107.

(C:\Users\Ugochi Mbaekwe\AppData\Local\Programs\MiKTeX\tex/latex/graphics-def\p
dftex.def
File: pdftex.def 2020/10/05 v1.2a Graphics/color driver for pdftex
))
\Gin@req@height=\dimen139
\Gin@req@width=\dimen140
)
(C:\Users\Ugochi Mbaekwe\AppData\Local\Programs\MiKTeX\tex/latex/multirow\multi
row.sty
Package: multirow 2021/03/15 v2.8 Span multiple rows of a table
\multirow@colwidth=\skip49
\multirow@cntb=\count190
\multirow@dima=\skip50
\bigstrutjot=\dimen141
)
(C:\Users\Ugochi Mbaekwe\AppData\Local\Programs\MiKTeX\tex/latex/siunitx\siunit
x.sty
Package: siunitx 2021-11-03 v3.0.35 A comprehensive (SI) units package
\l__siunitx_angle_tmp_dim=\dimen142
\l__siunitx_angle_marker_box=\box50
\l__siunitx_angle_unit_box=\box51
\l__siunitx_compound_count_int=\count191

(C:\Users\Ugochi Mbaekwe\AppData\Local\Programs\MiKTeX\tex/latex/translations\t
ranslations.sty
Package: translations 2021/01/17 v1.10a internationalization of LaTeX2e package
s (CN)

(C:\Users\Ugochi Mbaekwe\AppData\Local\Programs\MiKTeX\tex/latex/etoolbox\etool
box.sty
Package: etoolbox 2020/10/05 v2.5k e-TeX tools for LaTeX (JAW)
\etb@tempcnta=\count192
)
(C:\Users\Ugochi Mbaekwe\AppData\Local\Programs\MiKTeX\tex/generic/pdftexcmds\p
dftexcmds.sty
Package: pdftexcmds 2020-06-27 v0.33 Utility functions of pdfTeX for LuaTeX (HO
)

(C:\Users\Ugochi Mbaekwe\AppData\Local\Programs\MiKTeX\tex/generic/infwarerr\in
fwarerr.sty
Package: infwarerr 2019/12/03 v1.5 Providing info/warning/error messages (HO)
)
(C:\Users\Ugochi Mbaekwe\AppData\Local\Programs\MiKTeX\tex/generic/iftex\iftex.
sty
Package: iftex 2020/03/06 v1.0d TeX engine tests
)

! LaTeX Error: File `ltxcmds.sty' not found.

Type X to quit or <RETURN> to proceed,
or enter new name. (Default extension: sty)

Enter file name: 
! Emergency stop.
<read *> 
         
l.186   \RequirePackage{ltxcmds}[2010/12/02]
                                            %
*** (cannot \read from terminal in nonstop modes)

 
Here is how much of TeX's memory you used:
 1473 strings out of 478927
 27655 string characters out of 2848232
 318893 words of memory out of 3000000
 19375 multiletter control sequences out of 15000+600000
 403430 words of font info for 27 fonts, out of 8000000 for 9000
 1141 hyphenation exceptions out of 8191
 73i,0n,81p,240b,36s stack positions out of 5000i,500n,10000p,200000b,80000s
!  ==> Fatal error occurred, no output PDF file produced!
